Conversión de STEP a Solid Edge
Fecha: viernes,abril 13,2018 01:51
Archivo fuente: C:\Users\raulsa\Google Drive (iurretakoadernoa@gmail.com)\2017-18_KOLOBOT\BIBRAZO\SOPORTE\21- Foot M16 D80 L=152,5_1.stp
Autor: MiniTec Maschinenbau GmbH & Co.KG
Organización: Desconocido
Sistema de origen:  

Equipo:
Procesador: Intel(R) Core(TM) i5-2400 CPU @ 3.10GHz
Sistema operativo: Windows 8 Professional
Memoria instalada: 7.95 GB

Información del software
Versión de Parasolid: 29.0.122
Versión de PSBodyShop: 29.0.68
Versión de Step Adapter: 2.0.152
Versión de Solid Edge: 109.00.00.111 x64

Opciones de importación de STEP
Importar cuerpos facetados: Activado
Importar cuerpos revisados: Desactivado
Importar curvas: Activado
Importar sin guardar: Activado
Importar varios cuerpos como archivo de una pieza: Activado
Importar superficies unidas: Activado
Importar sólidos booleanos: Activado
Crear operación base: Activado
Simplificar geometría: Activado
Importar curvas estampadas: Activado
Importar unidad de disco: C:
Importar superficies unidas: Activado
Importar superficies: Activado
Importar vía de acceso de salida: C:\Users\raulsa\Google Drive (iurretakoadernoa@gmail.com)\2017-18_KOLOBOT\BIBRAZO\SOPORTE
Importar con vía de acceso de salida predeterminada habilitada: Activado
Importar vía de acceso: 

Convirtiendo a tipos de datos Parasolid...
¡Error![PXT_STORE_create_torus returned: 11165]
¡Error![PSF_Surface::CreateXT returned: 11165]
¡Error![PSF_Face::ReadForeign returned: 11165]
¡Error![PXT_STORE_create_torus returned: 11165]
¡Error![PSF_Surface::CreateXT returned: 11165]
¡Error![PSF_Face::ReadForeign returned: 11165]
+Empezar conjunto: 1
+Creado archivo de conjunto SE C:\Users\raulsa\Google Drive (iurretakoadernoa@gmail.com)\2017-18_KOLOBOT\BIBRAZO\SOPORTE\21- Foot M16 D80 L=152,5_1_0.asm
|--+Creado archivo de pieza SE C:\Users\raulsa\Google Drive (iurretakoadernoa@gmail.com)\2017-18_KOLOBOT\BIBRAZO\SOPORTE\21- Foot M16 D80 L=152,5_1_1.par
|--+Creado archivo de pieza SE C:\Users\raulsa\Google Drive (iurretakoadernoa@gmail.com)\2017-18_KOLOBOT\BIBRAZO\SOPORTE\21- Foot M16 D80 L=152,5_1_2.par
|--+Creado archivo de pieza SE C:\Users\raulsa\Google Drive (iurretakoadernoa@gmail.com)\2017-18_KOLOBOT\BIBRAZO\SOPORTE\21- Foot M16 D80 L=152,5_1_3.par
+Piezas totales: 8
+Conjuntos: 0
+Cuerpos sólidos: 4
+Cuerpos de hoja: 4
+Terminar conjunto: 1
Proceso de conversión completado
Tiempo total requerido para convertir y posprocesar:00 : 00 : 01
