Conversión de STEP a Solid Edge
Fecha: miércoles,marzo 21,2018 09:07
Archivo fuente: C:\Users\raulsa\Google Drive (iurretakoadernoa@gmail.com)\2017-18_KOLOBOT\BIBRAZO\SOPORTE\21.1206 M8X30\21.1206 M8X30.stp
Autor: Administrator
Organización: Desconocido
Sistema de origen: Autodesk Inventor 2009

Equipo:
Procesador: Intel(R) Core(TM) i5-2400 CPU @ 3.10GHz
Sistema operativo: Windows 8 Professional
Memoria instalada: 7.95 GB

Información del software
Versión de Parasolid: 29.0.122
Versión de PSBodyShop: 29.0.68
Versión de Step Adapter: 2.0.152
Versión de Solid Edge: 109.00.00.111 x64

Opciones de importación de STEP
Importar cuerpos facetados: Activado
Importar cuerpos revisados: Desactivado
Importar curvas: Activado
Importar sin guardar: Activado
Importar varios cuerpos como archivo de una pieza: Activado
Importar superficies unidas: Activado
Importar sólidos booleanos: Activado
Crear operación base: Activado
Simplificar geometría: Activado
Importar curvas estampadas: Activado
Importar unidad de disco: C:
Importar superficies unidas: Activado
Importar superficies: Activado
Importar vía de acceso de salida: C:\Users\raulsa\Google Drive (iurretakoadernoa@gmail.com)\2017-18_KOLOBOT\BIBRAZO\SOPORTE\21.1206 M8X30
Importar con vía de acceso de salida predeterminada habilitada: Activado
Importar vía de acceso: 

Convirtiendo a tipos de datos Parasolid...
Proceso de conversión completado
Tiempo total requerido para convertir y posprocesar:00 : 00 : 00
