Conversión de STEP a Solid Edge
Fecha: miércoles,diciembre 20,2017 06:39
Archivo fuente: M:\Mintegia\Proiektuak\2017-18_KOLOBOT\PINZA\pinza(bego)\robotic-arm-48.snapshot.6\MECCANO\ARM ROBOTIC.STEP
Autor: Anahi
Organización: Desconocido
Sistema de origen: SolidWorks 2011

Equipo:
Procesador: Intel(R) Core(TM) i5-2400 CPU @ 3.10GHz
Sistema operativo: Windows 8 Professional
Memoria instalada: 7.95 GB

Información del software
Versión de Parasolid: 29.0.122
Versión de PSBodyShop: 29.0.68
Versión de Step Adapter: 2.0.152
Versión de Solid Edge: 109.00.00.111 x64

Opciones de importación de STEP
Importar cuerpos facetados: Activado
Importar cuerpos revisados: Desactivado
Importar curvas: Activado
Importar sin guardar: Activado
Importar varios cuerpos como archivo de una pieza: Activado
Importar superficies unidas: Activado
Importar sólidos booleanos: Activado
Crear operación base: Activado
Simplificar geometría: Activado
Importar curvas estampadas: Activado
Importar unidad de disco: C:
Importar superficies unidas: Activado
Importar superficies: Activado
Importar vía de acceso de salida: M:\Mintegia\Proiektuak\2017-18_KOLOBOT\PINZA\pinza(bego)\robotic-arm-48.snapshot.6\MECCANO
Importar con vía de acceso de salida predeterminada habilitada: Activado
Importar vía de acceso: 

Convirtiendo a tipos de datos Parasolid...
+Empezar conjunto: 1
+Creado archivo de conjunto SE M:\Mintegia\Proiektuak\2017-18_KOLOBOT\PINZA\pinza(bego)\robotic-arm-48.snapshot.6\MECCANO\ARM ROBOTIC.asm
|--+Creado archivo de pieza SE M:\Mintegia\Proiektuak\2017-18_KOLOBOT\PINZA\pinza(bego)\robotic-arm-48.snapshot.6\MECCANO\socket button head cap screw_am_B18.3.4M - 4 x 0.7 x 4 SBHCS --N.par
|--+Reutilizando archivo M:\Mintegia\Proiektuak\2017-18_KOLOBOT\PINZA\pinza(bego)\robotic-arm-48.snapshot.6\MECCANO\socket button head cap screw_am_B18.3.4M - 4 x 0.7 x 4 SBHCS --N.par
|--+Reutilizando archivo M:\Mintegia\Proiektuak\2017-18_KOLOBOT\PINZA\pinza(bego)\robotic-arm-48.snapshot.6\MECCANO\socket button head cap screw_am_B18.3.4M - 4 x 0.7 x 4 SBHCS --N.par
|--+Reutilizando archivo M:\Mintegia\Proiektuak\2017-18_KOLOBOT\PINZA\pinza(bego)\robotic-arm-48.snapshot.6\MECCANO\socket button head cap screw_am_B18.3.4M - 4 x 0.7 x 4 SBHCS --N.par
|--+Creado archivo de pieza SE M:\Mintegia\Proiektuak\2017-18_KOLOBOT\PINZA\pinza(bego)\robotic-arm-48.snapshot.6\MECCANO\socket button head cap screw_am_B18.3.4M - 3 x 0.5 x 3 SBHCS --N.par
|--+Reutilizando archivo M:\Mintegia\Proiektuak\2017-18_KOLOBOT\PINZA\pinza(bego)\robotic-arm-48.snapshot.6\MECCANO\socket button head cap screw_am_B18.3.4M - 3 x 0.5 x 3 SBHCS --N.par
|--+Reutilizando archivo M:\Mintegia\Proiektuak\2017-18_KOLOBOT\PINZA\pinza(bego)\robotic-arm-48.snapshot.6\MECCANO\socket button head cap screw_am_B18.3.4M - 3 x 0.5 x 3 SBHCS --N.par
|--+Reutilizando archivo M:\Mintegia\Proiektuak\2017-18_KOLOBOT\PINZA\pinza(bego)\robotic-arm-48.snapshot.6\MECCANO\socket button head cap screw_am_B18.3.4M - 3 x 0.5 x 3 SBHCS --N.par
|--+Reutilizando archivo M:\Mintegia\Proiektuak\2017-18_KOLOBOT\PINZA\pinza(bego)\robotic-arm-48.snapshot.6\MECCANO\socket button head cap screw_am_B18.3.4M - 3 x 0.5 x 3 SBHCS --N.par
|--+Creado archivo de pieza SE M:\Mintegia\Proiektuak\2017-18_KOLOBOT\PINZA\pinza(bego)\robotic-arm-48.snapshot.6\MECCANO\BASE.par
|--+Reutilizando archivo M:\Mintegia\Proiektuak\2017-18_KOLOBOT\PINZA\pinza(bego)\robotic-arm-48.snapshot.6\MECCANO\socket button head cap screw_am_B18.3.4M - 3 x 0.5 x 3 SBHCS --N.par
|--+Reutilizando archivo M:\Mintegia\Proiektuak\2017-18_KOLOBOT\PINZA\pinza(bego)\robotic-arm-48.snapshot.6\MECCANO\socket button head cap screw_am_B18.3.4M - 4 x 0.7 x 4 SBHCS --N.par
|--+Reutilizando archivo M:\Mintegia\Proiektuak\2017-18_KOLOBOT\PINZA\pinza(bego)\robotic-arm-48.snapshot.6\MECCANO\socket button head cap screw_am_B18.3.4M - 4 x 0.7 x 4 SBHCS --N.par
|--+Reutilizando archivo M:\Mintegia\Proiektuak\2017-18_KOLOBOT\PINZA\pinza(bego)\robotic-arm-48.snapshot.6\MECCANO\socket button head cap screw_am_B18.3.4M - 4 x 0.7 x 4 SBHCS --N.par
|--+Reutilizando archivo M:\Mintegia\Proiektuak\2017-18_KOLOBOT\PINZA\pinza(bego)\robotic-arm-48.snapshot.6\MECCANO\socket button head cap screw_am_B18.3.4M - 4 x 0.7 x 4 SBHCS --N.par
|--+Creado archivo de pieza SE M:\Mintegia\Proiektuak\2017-18_KOLOBOT\PINZA\pinza(bego)\robotic-arm-48.snapshot.6\MECCANO\socket button head cap screw_am_B18.3.4M - 4 x 0.7 x 8 SBHCS --N.par
|--+Reutilizando archivo M:\Mintegia\Proiektuak\2017-18_KOLOBOT\PINZA\pinza(bego)\robotic-arm-48.snapshot.6\MECCANO\socket button head cap screw_am_B18.3.4M - 4 x 0.7 x 8 SBHCS --N.par
|--+Reutilizando archivo M:\Mintegia\Proiektuak\2017-18_KOLOBOT\PINZA\pinza(bego)\robotic-arm-48.snapshot.6\MECCANO\socket button head cap screw_am_B18.3.4M - 4 x 0.7 x 8 SBHCS --N.par
|--+Reutilizando archivo M:\Mintegia\Proiektuak\2017-18_KOLOBOT\PINZA\pinza(bego)\robotic-arm-48.snapshot.6\MECCANO\socket button head cap screw_am_B18.3.4M - 4 x 0.7 x 8 SBHCS --N.par
|--+Creado archivo de pieza SE M:\Mintegia\Proiektuak\2017-18_KOLOBOT\PINZA\pinza(bego)\robotic-arm-48.snapshot.6\MECCANO\socket button head cap screw_am_B18.3.4M - 4 x 0.7 x 20 SBHCS --N.par
|--+Reutilizando archivo M:\Mintegia\Proiektuak\2017-18_KOLOBOT\PINZA\pinza(bego)\robotic-arm-48.snapshot.6\MECCANO\socket button head cap screw_am_B18.3.4M - 4 x 0.7 x 20 SBHCS --N.par
|--+Reutilizando archivo M:\Mintegia\Proiektuak\2017-18_KOLOBOT\PINZA\pinza(bego)\robotic-arm-48.snapshot.6\MECCANO\socket button head cap screw_am_B18.3.4M - 4 x 0.7 x 20 SBHCS --N.par
|--+Reutilizando archivo M:\Mintegia\Proiektuak\2017-18_KOLOBOT\PINZA\pinza(bego)\robotic-arm-48.snapshot.6\MECCANO\socket button head cap screw_am_B18.3.4M - 4 x 0.7 x 20 SBHCS --N.par
|--+Creado archivo de pieza SE M:\Mintegia\Proiektuak\2017-18_KOLOBOT\PINZA\pinza(bego)\robotic-arm-48.snapshot.6\MECCANO\PCS1.par
|--+Reutilizando archivo M:\Mintegia\Proiektuak\2017-18_KOLOBOT\PINZA\pinza(bego)\robotic-arm-48.snapshot.6\MECCANO\PCS1.par
|--+Reutilizando archivo M:\Mintegia\Proiektuak\2017-18_KOLOBOT\PINZA\pinza(bego)\robotic-arm-48.snapshot.6\MECCANO\PCS1.par
|--+Reutilizando archivo M:\Mintegia\Proiektuak\2017-18_KOLOBOT\PINZA\pinza(bego)\robotic-arm-48.snapshot.6\MECCANO\PCS1.par
|--+Creado archivo de pieza SE M:\Mintegia\Proiektuak\2017-18_KOLOBOT\PINZA\pinza(bego)\robotic-arm-48.snapshot.6\MECCANO\PLASTIC GEAR.par
|--+Reutilizando archivo M:\Mintegia\Proiektuak\2017-18_KOLOBOT\PINZA\pinza(bego)\robotic-arm-48.snapshot.6\MECCANO\PCS1.par
|--+Reutilizando archivo M:\Mintegia\Proiektuak\2017-18_KOLOBOT\PINZA\pinza(bego)\robotic-arm-48.snapshot.6\MECCANO\PCS1.par
|--+Reutilizando archivo M:\Mintegia\Proiektuak\2017-18_KOLOBOT\PINZA\pinza(bego)\robotic-arm-48.snapshot.6\MECCANO\PCS1.par
|--+Reutilizando archivo M:\Mintegia\Proiektuak\2017-18_KOLOBOT\PINZA\pinza(bego)\robotic-arm-48.snapshot.6\MECCANO\PCS1.par
|--+Creado archivo de pieza SE M:\Mintegia\Proiektuak\2017-18_KOLOBOT\PINZA\pinza(bego)\robotic-arm-48.snapshot.6\MECCANO\GRIP.par
|--+Reutilizando archivo M:\Mintegia\Proiektuak\2017-18_KOLOBOT\PINZA\pinza(bego)\robotic-arm-48.snapshot.6\MECCANO\GRIP.par
|--+Reutilizando archivo M:\Mintegia\Proiektuak\2017-18_KOLOBOT\PINZA\pinza(bego)\robotic-arm-48.snapshot.6\MECCANO\PLASTIC GEAR.par
+Piezas totales: 51
+Conjuntos: 0
+Cuerpos sólidos: 51
+Cuerpos de hoja: 0
+Terminar conjunto: 1
Proceso de conversión completado
Tiempo total requerido para convertir y posprocesar:00 : 00 : 02
